<?xml version="1.0" encoding="UTF-8"?>
<!-- Generated by org.testng.reporters.JUnitXMLReporter -->
<testsuite hostname="PPHATANK-LAP" ignored="1" name="Car Loan" tests="8" failures="0" timestamp="2020-05-14T14:47:40 IST" time="0.053" errors="0">
  <testcase name="Login" time="0.005" classname="test.day3"/>
  <testcase name="MobLogout" time="0.002" classname="test.day3"/>
  <testcase name="Weblogin" time="0.002" classname="test.day3"/>
  <testcase name="yahoologout" time="0.001" classname="test.day3"/>
  <testcase name="FBlogin" time="0.001" classname="test.day3"/>
  <testcase name="FBlogout" time="0.001" classname="test.day3"/>
  <testcase name="yahoologin" time="0.003" classname="test.day3"/>
  <testcase name="LoginAPI" time="0.001" classname="test.day3"/>
  <testcase name="Moblogin" time="0.0" classname="test.day3">
    <ignored/>
  </testcase> <!-- Moblogin -->
</testsuite> <!-- Car Loan -->
