<?xml version="1.0" encoding="UTF-8"?>
<!-- Generated by org.testng.reporters.JUnitXMLReporter -->
<testsuite hostname="PPHATANK-LAP" ignored="2" name="Personal Loan" tests="4" failures="0" timestamp="2020-05-14T14:47:40 IST" time="0.04" errors="0">
  <testcase name="demo" time="0.004" classname="test.day1"/>
  <testcase name="secondtest" time="0.001" classname="test.day1"/>
  <testcase name="Ploan" time="0.001" classname="test.day2"/>
  <testcase name="LoginAPIhome" time="0.001" classname="test.day4"/>
  <testcase name="Mobloginhome" time="0.0" classname="test.day4">
    <ignored/>
  </testcase> <!-- Mobloginhome -->
  <testcase name="Webloginhome" time="0.0" classname="test.day4">
    <ignored/>
  </testcase> <!-- Webloginhome -->
</testsuite> <!-- Personal Loan -->
